1488418148741	geckodriver	INFO	Listening on 127.0.0.1:2929
1488418150868	mozprofile::profile	INFO	Using profile path C:\Users\ADMINI~1\AppData\Local\Temp\rust_mozprofile.T5ZVEnelFVLc
1488418150881	geckodriver::marionette	INFO	Starting browser D:\Mozilla Firefox\firefox.exe
1488418150898	geckodriver::marionette	INFO	Connecting to Marionette on localhost:2935
1488418151337	addons.manager	DEBUG	Application has been upgraded
1488418151378	addons.manager	DEBUG	Loaded provider scope for resource://gre/modules/addons/XPIProvider.jsm: ["XPIProvider"]
1488418151380	addons.manager	DEBUG	Loaded provider scope for resource://gre/modules/LightweightThemeManager.jsm: ["LightweightThemeManager"]
1488418151383	addons.manager	DEBUG	Loaded provider scope for resource://gre/modules/addons/GMPProvider.jsm
1488418151384	addons.manager	DEBUG	Loaded provider scope for resource://gre/modules/addons/PluginProvider.jsm
1488418151385	addons.manager	DEBUG	Starting provider: XPIProvider
1488418151385	addons.xpi	DEBUG	startup
1488418151386	addons.xpi	INFO	SystemAddonInstallLocation directory is missing
1488418151387	addons.xpi	INFO	Mapping aushelper@mozilla.org to D:\Mozilla Firefox\browser\features\aushelper@mozilla.org.xpi
1488418151387	addons.xpi	INFO	Mapping e10srollout@mozilla.org to D:\Mozilla Firefox\browser\features\e10srollout@mozilla.org.xpi
1488418151387	addons.xpi	INFO	Mapping firefox@getpocket.com to D:\Mozilla Firefox\browser\features\firefox@getpocket.com.xpi
1488418151387	addons.xpi	INFO	Mapping webcompat@mozilla.org to D:\Mozilla Firefox\browser\features\webcompat@mozilla.org.xpi
1488418151388	addons.xpi	INFO	Mapping {972ce4c6-7e08-4474-a285-3208198ce6fd} to D:\Mozilla Firefox\browser\extensions\{972ce4c6-7e08-4474-a285-3208198ce6fd}.xpi
1488418151388	addons.xpi	DEBUG	checkForChanges
1488418151388	addons.xpi	DEBUG	Loaded add-on state from prefs: {}
1488418151389	addons.xpi	DEBUG	New add-on aushelper@mozilla.org in app-system-defaults
1488418151389	addons.xpi	DEBUG	getModTime: Recursive scan of aushelper@mozilla.org
1488418151390	addons.xpi	DEBUG	New add-on e10srollout@mozilla.org in app-system-defaults
1488418151390	addons.xpi	DEBUG	getModTime: Recursive scan of e10srollout@mozilla.org
1488418151390	addons.xpi	DEBUG	New add-on firefox@getpocket.com in app-system-defaults
1488418151390	addons.xpi	DEBUG	getModTime: Recursive scan of firefox@getpocket.com
1488418151391	addons.xpi	DEBUG	New add-on webcompat@mozilla.org in app-system-defaults
1488418151391	addons.xpi	DEBUG	getModTime: Recursive scan of webcompat@mozilla.org
1488418151391	addons.xpi	DEBUG	New add-on {972ce4c6-7e08-4474-a285-3208198ce6fd} in app-global
1488418151392	addons.xpi	DEBUG	getModTime: Recursive scan of {972ce4c6-7e08-4474-a285-3208198ce6fd}
1488418151392	addons.xpi	DEBUG	getInstallState changed: true, state: {"app-system-defaults":{"aushelper@mozilla.org":{"d":"D:\\Mozilla Firefox\\browser\\features\\aushelper@mozilla.org.xpi","st":1485383495555},"e10srollout@mozilla.org":{"d":"D:\\Mozilla Firefox\\browser\\features\\e10srollout@mozilla.org.xpi","st":1485383495559},"firefox@getpocket.com":{"d":"D:\\Mozilla Firefox\\browser\\features\\firefox@getpocket.com.xpi","st":1485383504961},"webcompat@mozilla.org":{"d":"D:\\Mozilla Firefox\\browser\\features\\webcompat@mozilla.org.xpi","st":1485383495582}},"app-global":{"{972ce4c6-7e08-4474-a285-3208198ce6fd}":{"d":"D:\\Mozilla Firefox\\browser\\extensions\\{972ce4c6-7e08-4474-a285-3208198ce6fd}.xpi","st":1485383495651}}}
1488418151399	addons.xpi-utils	DEBUG	Opening XPI database C:\Users\ADMINI~1\AppData\Local\Temp\rust_mozprofile.T5ZVEnelFVLc\extensions.json
1488418151401	addons.xpi-utils	DEBUG	New add-on aushelper@mozilla.org installed in app-system-defaults
*** Blocklist::_loadBlocklistFromFile: blocklist is disabled
1488418151411	DeferredSave.extensions.json	DEBUG	Save changes
1488418151411	addons.xpi-utils	DEBUG	New add-on e10srollout@mozilla.org installed in app-system-defaults
1488418151414	DeferredSave.extensions.json	DEBUG	Starting timer
1488418151415	DeferredSave.extensions.json	DEBUG	Save changes
1488418151415	addons.xpi-utils	DEBUG	New add-on firefox@getpocket.com installed in app-system-defaults
1488418151422	DeferredSave.extensions.json	DEBUG	Save changes
1488418151422	addons.xpi-utils	DEBUG	New add-on webcompat@mozilla.org installed in app-system-defaults
1488418151426	DeferredSave.extensions.json	DEBUG	Save changes
1488418151427	addons.xpi-utils	DEBUG	New add-on {972ce4c6-7e08-4474-a285-3208198ce6fd} installed in app-global
1488418151430	DeferredSave.extensions.json	DEBUG	Save changes
1488418151430	addons.manager	DEBUG	Registering startup change 'installed' for aushelper@mozilla.org
1488418151436	addons.xpi	DEBUG	Loading bootstrap scope from D:\Mozilla Firefox\browser\features\aushelper@mozilla.org.xpi
1488418151440	addons.xpi	DEBUG	Calling bootstrap method install on aushelper@mozilla.org version 1.0
1488418151440	addons.xpi-utils	DEBUG	Make addon app-system-defaults:aushelper@mozilla.org visible
1488418151440	DeferredSave.extensions.json	DEBUG	Save changes
1488418151441	addons.manager	DEBUG	Registering startup change 'installed' for e10srollout@mozilla.org
1488418151441	addons.xpi	DEBUG	Loading bootstrap scope from D:\Mozilla Firefox\browser\features\e10srollout@mozilla.org.xpi
1488418151443	addons.xpi	DEBUG	Calling bootstrap method install on e10srollout@mozilla.org version 1.7
1488418151444	addons.xpi-utils	DEBUG	Make addon app-system-defaults:e10srollout@mozilla.org visible
1488418151444	DeferredSave.extensions.json	DEBUG	Save changes
1488418151445	addons.manager	DEBUG	Registering startup change 'installed' for firefox@getpocket.com
1488418151445	addons.xpi	DEBUG	Loading bootstrap scope from D:\Mozilla Firefox\browser\features\firefox@getpocket.com.xpi
1488418151448	addons.xpi	DEBUG	Calling bootstrap method install on firefox@getpocket.com version 1.0.5
1488418151448	addons.xpi-utils	DEBUG	Make addon app-system-defaults:firefox@getpocket.com visible
1488418151448	DeferredSave.extensions.json	DEBUG	Save changes
1488418151448	addons.manager	DEBUG	Registering startup change 'installed' for webcompat@mozilla.org
1488418151449	addons.xpi	DEBUG	Loading bootstrap scope from D:\Mozilla Firefox\browser\features\webcompat@mozilla.org.xpi
1488418151450	addons.xpi	DEBUG	Calling bootstrap method install on webcompat@mozilla.org version 1.0
1488418151450	addons.xpi-utils	DEBUG	Make addon app-system-defaults:webcompat@mozilla.org visible
1488418151450	DeferredSave.extensions.json	DEBUG	Save changes
1488418151451	addons.xpi-utils	DEBUG	Make addon app-global:{972ce4c6-7e08-4474-a285-3208198ce6fd} visible
1488418151451	DeferredSave.extensions.json	DEBUG	Save changes
1488418151451	addons.xpi	DEBUG	Updating XPIState for {"id":"aushelper@mozilla.org","syncGUID":"{2ab0051b-fb27-4507-822b-d4e30aaa7a96}","location":"app-system-defaults","version":"1.0","type":"extension","internalName":null,"updateURL":null,"updateKey":null,"optionsURL":null,"optionsType":null,"aboutURL":null,"icons":{},"iconURL":null,"icon64URL":null,"defaultLocale":{"name":"Application Update Service Helper","description":"Sets value(s) in the update url based on custom checks.","creator":null,"homepageURL":null},"visible":true,"active":true,"userDisabled":false,"appDisabled":false,"descriptor":"D:\\Mozilla Firefox\\browser\\features\\aushelper@mozilla.org.xpi","installDate":1485383495555,"updateDate":1485383495555,"applyBackgroundUpdates":1,"bootstrap":true,"skinnable":false,"size":5975,"sourceURI":null,"releaseNotesURI":null,"softDisabled":false,"foreignInstall":false,"hasBinaryComponents":false,"strictCompatibility":false,"locales":[],"targetApplications":[{"id":"{ec8030f7-c20a-464f-9b0e-13a3a9e97384}","minVersion":"51.0.1","maxVersion":"51.*"}],"targetPlatforms":[],"multiprocessCompatible":true,"seen":true,"dependencies":[],"hasEmbeddedWebExtension":false,"mpcOptedOut":false}
1488418151451	addons.xpi	DEBUG	getModTime: Recursive scan of aushelper@mozilla.org
1488418151451	addons.xpi	DEBUG	Updating XPIState for {"id":"e10srollout@mozilla.org","syncGUID":"{0d7eb476-1510-4de0-88c1-a1343c252e3f}","location":"app-system-defaults","version":"1.7","type":"extension","internalName":null,"updateURL":null,"updateKey":null,"optionsURL":null,"optionsType":null,"aboutURL":null,"icons":{},"iconURL":null,"icon64URL":null,"defaultLocale":{"name":"Multi-process staged rollout","description":"Staged rollout of Firefox multi-process feature.","creator":null,"homepageURL":null},"visible":true,"active":true,"userDisabled":false,"appDisabled":false,"descriptor":"D:\\Mozilla Firefox\\browser\\features\\e10srollout@mozilla.org.xpi","installDate":1485383495559,"updateDate":1485383495559,"applyBackgroundUpdates":1,"bootstrap":true,"skinnable":false,"size":6997,"sourceURI":null,"releaseNotesURI":null,"softDisabled":false,"foreignInstall":false,"hasBinaryComponents":false,"strictCompatibility":false,"locales":[],"targetApplications":[{"id":"{ec8030f7-c20a-464f-9b0e-13a3a9e97384}","minVersion":"51.0.1","maxVersion":"51.*"}],"targetPlatforms":[],"multiprocessCompatible":true,"seen":true,"dependencies":[],"hasEmbeddedWebExtension":false,"mpcOptedOut":false}
1488418151451	addons.xpi	DEBUG	getModTime: Recursive scan of e10srollout@mozilla.org
1488418151452	addons.xpi	DEBUG	Updating XPIState for {"id":"firefox@getpocket.com","syncGUID":"{0ad69f08-6969-432b-a4fe-9717c38bbeb4}","location":"app-system-defaults","version":"1.0.5","type":"extension","internalName":null,"updateURL":null,"updateKey":null,"optionsURL":null,"optionsType":null,"aboutURL":null,"icons":{},"iconURL":null,"icon64URL":null,"defaultLocale":{"name":"Pocket","description":"When you find something you want to view later, put it in Pocket.","creator":null,"homepageURL":null},"visible":true,"active":true,"userDisabled":false,"appDisabled":false,"descriptor":"D:\\Mozilla Firefox\\browser\\features\\firefox@getpocket.com.xpi","installDate":1485383504961,"updateDate":1485383504961,"applyBackgroundUpdates":1,"bootstrap":true,"skinnable":false,"size":921059,"sourceURI":null,"releaseNotesURI":null,"softDisabled":false,"foreignInstall":false,"hasBinaryComponents":false,"strictCompatibility":false,"locales":[],"targetApplications":[{"id":"{ec8030f7-c20a-464f-9b0e-13a3a9e97384}","minVersion":"51.0.1","maxVersion":"51.*"}],"targetPlatforms":[],"multiprocessCompatible":true,"seen":true,"dependencies":[],"hasEmbeddedWebExtension":false,"mpcOptedOut":false}
1488418151452	addons.xpi	DEBUG	getModTime: Recursive scan of firefox@getpocket.com
1488418151452	addons.xpi	DEBUG	Updating XPIState for {"id":"webcompat@mozilla.org","syncGUID":"{a11b40f5-2448-4c77-be87-d2d108b85e3f}","location":"app-system-defaults","version":"1.0","type":"extension","internalName":null,"updateURL":null,"updateKey":null,"optionsURL":null,"optionsType":null,"aboutURL":null,"icons":{},"iconURL":null,"icon64URL":null,"defaultLocale":{"name":"Web Compat","description":"Urgent post-release fixes for web compatibility.","creator":null,"homepageURL":null},"visible":true,"active":true,"userDisabled":false,"appDisabled":false,"descriptor":"D:\\Mozilla Firefox\\browser\\features\\webcompat@mozilla.org.xpi","installDate":1485383495582,"updateDate":1485383495582,"applyBackgroundUpdates":1,"bootstrap":true,"skinnable":false,"size":1570,"sourceURI":null,"releaseNotesURI":null,"softDisabled":false,"foreignInstall":false,"hasBinaryComponents":false,"strictCompatibility":false,"locales":[],"targetApplications":[{"id":"{ec8030f7-c20a-464f-9b0e-13a3a9e97384}","minVersion":"51.0.1","maxVersion":"51.*"}],"targetPlatforms":[],"multiprocessCompatible":true,"seen":true,"dependencies":[],"hasEmbeddedWebExtension":false,"mpcOptedOut":false}
1488418151452	addons.xpi	DEBUG	getModTime: Recursive scan of webcompat@mozilla.org
1488418151452	addons.xpi	DEBUG	Updating XPIState for {"id":"{972ce4c6-7e08-4474-a285-3208198ce6fd}","syncGUID":"{2d3ebcbd-763d-4eb8-970e-fde0ebaae909}","location":"app-global","version":"51.0.1","type":"theme","internalName":"classic/1.0","updateURL":null,"updateKey":null,"optionsURL":null,"optionsType":null,"aboutURL":null,"icons":{"32":"icon.png","48":"icon.png"},"iconURL":null,"icon64URL":null,"defaultLocale":{"name":"Default","description":"The default theme.","creator":"Mozilla","homepageURL":null,"contributors":["Mozilla Contributors"]},"visible":true,"active":true,"userDisabled":false,"appDisabled":false,"descriptor":"D:\\Mozilla Firefox\\browser\\extensions\\{972ce4c6-7e08-4474-a285-3208198ce6fd}.xpi","installDate":1485383495651,"updateDate":1485383495651,"applyBackgroundUpdates":1,"skinnable":true,"size":19708,"sourceURI":null,"releaseNotesURI":null,"softDisabled":false,"foreignInstall":false,"hasBinaryComponents":false,"strictCompatibility":true,"locales":[],"targetApplications":[{"id":"{ec8030f7-c20a-464f-9b0e-13a3a9e97384}","minVersion":"51.0.1","maxVersion":"51.0.1"}],"targetPlatforms":[],"seen":true,"dependencies":[],"hasEmbeddedWebExtension":false}
1488418151452	addons.xpi	DEBUG	getModTime: Recursive scan of {972ce4c6-7e08-4474-a285-3208198ce6fd}
1488418151453	DeferredSave.extensions.json	DEBUG	Save changes
1488418151453	addons.xpi	DEBUG	Updating database with changes to installed add-ons
1488418151453	addons.xpi-utils	DEBUG	Updating add-on states
1488418151454	addons.xpi-utils	DEBUG	Writing add-ons list
1488418151456	addons.xpi	DEBUG	Registering manifest for D:\Mozilla Firefox\browser\features\aushelper@mozilla.org.xpi
1488418151456	addons.xpi	DEBUG	Calling bootstrap method startup on aushelper@mozilla.org version 1.0
1488418151458	addons.xpi	DEBUG	Registering manifest for D:\Mozilla Firefox\browser\features\e10srollout@mozilla.org.xpi
1488418151458	addons.xpi	DEBUG	Calling bootstrap method startup on e10srollout@mozilla.org version 1.7
1488418151459	addons.xpi	DEBUG	Registering manifest for D:\Mozilla Firefox\browser\features\firefox@getpocket.com.xpi
1488418151459	addons.xpi	DEBUG	Calling bootstrap method startup on firefox@getpocket.com version 1.0.5
1488418151460	addons.xpi	DEBUG	Registering manifest for D:\Mozilla Firefox\browser\features\webcompat@mozilla.org.xpi
1488418151460	addons.xpi	DEBUG	Calling bootstrap method startup on webcompat@mozilla.org version 1.0
1488418151462	addons.manager	DEBUG	Registering shutdown blocker for XPIProvider
1488418151462	addons.manager	DEBUG	Provider finished startup: XPIProvider
1488418151462	addons.manager	DEBUG	Starting provider: LightweightThemeManager
1488418151462	addons.manager	DEBUG	Registering shutdown blocker for LightweightThemeManager
1488418151462	addons.manager	DEBUG	Provider finished startup: LightweightThemeManager
1488418151463	addons.manager	DEBUG	Starting provider: GMPProvider
1488418151469	addons.manager	DEBUG	Registering shutdown blocker for GMPProvider
1488418151470	addons.manager	DEBUG	Provider finished startup: GMPProvider
1488418151470	addons.manager	DEBUG	Starting provider: PluginProvider
1488418151470	addons.manager	DEBUG	Registering shutdown blocker for PluginProvider
1488418151470	addons.manager	DEBUG	Provider finished startup: PluginProvider
1488418151470	addons.manager	DEBUG	Completed startup sequence
1488418151714	Marionette	INFO	Listening on port 2935
1488418151909	addons.manager	DEBUG	Starting provider: <unnamed-provider>
1488418151909	addons.manager	DEBUG	Registering shutdown blocker for <unnamed-provider>
1488418151910	addons.manager	DEBUG	Provider finished startup: <unnamed-provider>
1488418151950	addons.manager	DEBUG	Starting provider: PreviousExperimentProvider
1488418151950	addons.manager	DEBUG	Registering shutdown blocker for PreviousExperimentProvider
1488418151951	addons.manager	DEBUG	Provider finished startup: PreviousExperimentProvider
1488418151953	DeferredSave.extensions.json	DEBUG	Starting write
1488418152191	DeferredSave.extensions.json	DEBUG	Write succeeded
1488418152192	addons.xpi-utils	DEBUG	XPI Database saved, setting schema version preference to 19
[Child 7272] ###!!! ABORT: Aborting on channel error.: file c:/builds/moz2_slave/m-rel-w32-00000000000000000000/build/src/ipc/glue/MessageChannel.cpp, line 2056
[NPAPI 4820] ###!!! ABORT: Aborting on channel error.: file c:/builds/moz2_slave/m-rel-w32-00000000000000000000/build/src/ipc/glue/MessageChannel.cpp, line 2056
rting on channel error.: file c:/builds/moz2_slave/m-rel-w32-00000000000000000000/build/src/ipc/glue/MessageChannel.cpp, line 2056
[NPAPI 8040] ###!!! ABORT: Aborting on channel error.: file c:/builds/moz2_slave/m-rel-w32-00000000000000000000/build/src/ipc/glue/MessageChannel.cpp, line 2056
-w32-00000000000000000000/build/src/ipc/glue/MessageChannel.cpp, line 2056
